<?xml version="1.0" encoding="UTF-8"?>
<!-- Generated by org.testng.reporters.JUnitXMLReporter -->
<testsuite hostname="Opu.local" name="Default test" tests="2" failures="0" timestamp="14 Aug 2016 00:54:07 GMT" time="0.02" errors="0">
  <testcase name="@BeforeSuite driverMethod" time="0.0" classname="testSuite1.TestClass1">
    <failure type="org.testng.TestNGException" message="
Parameter &amp;apos;Browser&amp;apos; is required by @Configuration on method driverMethod but has not been marked @Optional or defined
in /private/var/folders/5c/q74c63fs6vxcf8p8mvhxbgj80000gp/T/testng-eclipse-2233448/testng-customsuite.xml">
      <![CDATA[org.testng.TestNGException: 
Parameter 'Browser' is required by @Configuration on method driverMethod but has not been marked @Optional or defined
in /private/var/folders/5c/q74c63fs6vxcf8p8mvhxbgj80000gp/T/testng-eclipse-2233448/testng-customsuite.xml
	at org.testng.internal.Parameters.createParameters(Parameters.java:154)
	at org.testng.internal.Parameters.createParameters(Parameters.java:361)
	at org.testng.internal.Parameters.createConfigurationParameters(Parameters.java:84)
	at org.testng.internal.Invoker.invokeConfigurations(Invoker.java:201)
	at org.testng.internal.Invoker.invokeConfigurations(Invoker.java:142)
	at org.testng.SuiteRunner.privateRun(SuiteRunner.java:305)
	at org.testng.SuiteRunner.run(SuiteRunner.java:268)
	at org.testng.SuiteRunnerWorker.runSuite(SuiteRunnerWorker.java:52)
	at org.testng.SuiteRunnerWorker.run(SuiteRunnerWorker.java:86)
	at org.testng.TestNG.runSuitesSequentially(TestNG.java:1244)
	at org.testng.TestNG.runSuitesLocally(TestNG.java:1169)
	at org.testng.TestNG.run(TestNG.java:1064)
	at org.testng.remote.AbstractRemoteTestNG.run(AbstractRemoteTestNG.java:126)
	at org.testng.remote.RemoteTestNG.initAndRun(RemoteTestNG.java:137)
	at org.testng.remote.RemoteTestNG.main(RemoteTestNG.java:58)
]]>
    </failure>
  </testcase> <!-- @BeforeSuite driverMethod -->
  <testcase name="LoginToFacebook" time="0.004" classname="testSuite1.TestClass1">
    <skipped/>
  </testcase> <!-- LoginToFacebook -->
  <testcase name="quitBrowser" time="0.0" classname="testSuite1.TestClass1">
    <skipped/>
  </testcase> <!-- quitBrowser -->
</testsuite> <!-- Default test -->
